<?xml version="1.0" encoding="UTF-8"?>
<!-- Generated by org.testng.reporters.JUnitXMLReporter -->
<testsuite hostname="A2ML27068" ignored="0" name="Test" tests="6" failures="1" timestamp="05 Nov 2018 07:42:24 GMT" time="73.746" errors="0">
  <testcase name="register" time="6.547" classname="com.mindtree.automation201.test.Register_test"/>
  <testcase name="register" time="5.911" classname="com.mindtree.automation201.test.Register_test"/>
  <testcase name="SignIn" time="22.393" classname="com.mindtree.automation201.test.SignIn_test">
    <failure type="java.lang.AssertionError" message="null">
      <![CDATA[java.lang.AssertionError: null
	at com.mindtree.automation201.test.SignIn_test.SignIn(SignIn_test.java:25)
... Removed 27 stack frames]]>
    </failure>
  </testcase> <!-- SignIn -->
  <testcase name="SignIn" time="4.253" classname="com.mindtree.automation201.test.SignIn_test"/>
  <testcase name="oneWayTripFlight" time="17.173" classname="com.mindtree.automation201.test.OneWayTrip_test"/>
  <testcase name="twoWayTripFlight" time="16.469" classname="com.mindtree.automation201.test.TwoWayTrip_test"/>
</testsuite> <!-- Test -->
