<?xml version="1.0" encoding="UTF-8"?>
<!-- Generated by org.testng.reporters.JUnitXMLReporter -->
<testsuite hostname="A2ML27068" ignored="0" name="Command line test" tests="6" failures="1" timestamp="13 Nov 2018 05:54:50 GMT" time="475.096" errors="0">
  <testcase name="register" time="15.604" classname="com.mindtree.automation201.test.Register_test"/>
  <testcase name="register" time="154.869" classname="com.mindtree.automation201.test.Register_test"/>
  <testcase name="signIn" time="2.399" classname="com.mindtree.automation201.test.SignIn_test">
    <failure type="java.lang.AssertionError" message="Sign in with wrong credentials expected [true] but found [false]">
      <![CDATA[java.lang.AssertionError: Sign in with wrong credentials expected [true] but found [false]
	at com.mindtree.automation201.test.SignIn_test.signIn(SignIn_test.java:41)
	at com.mindtree.automation201.test.Driver.main(Driver.java:14)
... Removed 23 stack frames]]>
    </failure>
  </testcase> <!-- signIn -->
  <testcase name="signIn" time="137.313" classname="com.mindtree.automation201.test.SignIn_test"/>
  <testcase name="oneWayTripFlight" time="161.831" classname="com.mindtree.automation201.test.OneWayTrip_test"/>
  <testcase name="twoWayTripFlight" time="2.419" classname="com.mindtree.automation201.test.TwoWayTrip_test"/>
</testsuite> <!-- Command line test -->
