<?xml version="1.0" encoding="UTF-8"?>
<!-- Generated by org.testng.reporters.JUnitReportReporter -->
<testsuite skipped="0" hostname="A2ML27068" name="com.mindtree.automation201.test.Register_test" tests="2" failures="0" timestamp="26 Aug 2019 05:01:02 GMT" time="47.581" errors="0">
  <testcase name="register" time="23.450" classname="com.mindtree.automation201.test.Register_test"/>
  <testcase name="register" time="24.131" classname="com.mindtree.automation201.test.Register_test"/>
</testsuite> <!-- com.mindtree.automation201.test.Register_test -->
